
> atss-frontend@0.1.0 typecheck
> tsc --noEmit

src/api/client.ts(1,10): error TS6133: 'AppEvent' is declared but its value is never read.
src/App.tsx(14,5): error TS6133: 'PlaceholderPage' is declared but its value is never read.
src/components/LegacyStub.tsx(1,1): error TS6133: 'React' is declared but its value is never read.
src/components/MapContainer/MapContainer.tsx(2,8): error TS6133: 'React' is declared but its value is never read.
src/components/MapContainer/MapContainer.tsx(5,1): error TS6133: 'MapMarkerProps' is declared but its value is never read.
src/components/OperationsQueue/OperationsQueue.tsx(1,1): error TS6133: 'React' is declared but its value is never read.
src/components/organisms/GlobalHeader.tsx(1,1): error TS6133: 'React' is declared but its value is never read.
src/components/ui/StatusBadge.tsx(1,1): error TS6133: 'React' is declared but its value is never read.
src/components/Workbench/Workbench.tsx(1,8): error TS6133: 'React' is declared but its value is never read.
src/components/Workbench/Workbench.tsx(5,20): error TS6133: 'MOCK_LOGS' is declared but its value is never read.
src/features/analytics/AnalyticsPage.tsx(90,52): error TS6133: 'neutral' is declared but its value is never read.
src/infrastructure/sse_client.ts(54,13): error TS6133: 'isConnected' is declared but its value is never read.
src/layout/CommandCenterLayout.tsx(1,8): error TS6133: 'React' is declared but its value is never read.
src/pages/AnalyticsPage.tsx(2,1): error TS6133: 'React' is declared but its value is never read.
src/pages/FleetPage.tsx(2,1): error TS6133: 'React' is declared but its value is never read.
src/pages/OpsPage.tsx(1,1): error TS6133: 'React' is declared but its value is never read.
src/pages/SimulationPage.tsx(2,8): error TS6133: 'React' is declared but its value is never read.
src/pages/TicketsPage.tsx(2,1): error TS6133: 'React' is declared but its value is never read.
src/state/useOpsState.ts(3,10): error TS6133: 'OpsState' is declared but its value is never read.
