============================= test session starts =============================
platform win32 -- Python 3.14.2, pytest-9.0.2, pluggy-1.6.0
rootdir: C:\Projects\Riyadh Airport\backend
configfile: pyproject.toml
plugins: anyio-4.12.1, asyncio-1.3.0
asyncio: mode=Mode.STRICT, debug=False, asyncio_default_fixture_loop_scope=None, asyncio_default_test_loop_scope=function
collected 38 items

tests\test_api_contracts.py ..x                                          [  7%]
tests\test_baggage_visitors.py ..                                        [ 13%]
tests\test_bootstrap.py ...                                              [ 21%]
tests\test_consumers.py ......                                           [ 36%]
tests\test_identity_api.py ......                                        [ 52%]
