<?xml version="1.0" encoding="utf-8"?><testsuites name="pytest tests"><testsuite name="pytest" errors="0" failures="0" skipped="2" tests="38" time="12.340" timestamp="2026-01-09T17:07:08.539702+01:00" hostname="vmi3004888"><testcase classname="tests.test_api_contracts" name="test_api_contracts" time="0.550" /><testcase classname="tests.test_api_contracts" name="test_fleet_lifecycle" time="0.588" /><testcase classname="tests.test_api_contracts" name="test_sse_sanity" time="5.531"><skipped type="pytest.xfail" message="Flaky under in-memory event bus (DEMO_NO_REDIS); SSE correctness validated in test_sse.py" /></testcase><testcase classname="tests.test_baggage_visitors" name="test_baggage_stats_contract" time="0.106" /><testcase classname="tests.test_baggage_visitors" name="test_visitors_density_contract" time="0.012" /><testcase classname="tests.test_bootstrap" name="test_seed_admin_disabled" time="0.006" /><testcase classname="tests.test_bootstrap" name="test_seed_admin_enabled_user_exists" time="0.006" /><testcase classname="tests.test_bootstrap" name="test_seed_admin_enabled_create_user" time="0.065" /><testcase classname="tests.test_consumers" name="test_normalize_message_bytes" time="0.002" /><testcase classname="tests.test_consumers" name="test_normalize_message_strings" time="0.001" /><testcase classname="tests.test_consumers" name="test_process_event_missing_incident_id_raises" time="0.006" /><testcase classname="tests.test_consumers" name="test_process_event_missing_state_raises" time="0.008" /><testcase classname="tests.test_consumers" name="test_process_event_missing_asset_id_raises" time="0.022" /><testcase classname="tests.test_consumers" name="test_process_event_fleet_status" time="0.007" /><testcase classname="tests.test_identity_api.TestIdentityAPI" name="test_login_success" time="0.021" /><testcase classname="tests.test_identity_api.TestIdentityAPI" name="test_login_failure" time="0.015" /><testcase classname="tests.test_identity_api.TestIdentityAPI" name="test_get_me_protected_no_token" time="0.016" /><testcase classname="tests.test_identity_api.TestIdentityAPI" name="test_get_me_success" time="0.022" /><testcase classname="tests.test_identity_api.TestIdentityAPI" name="test_admin_create_user_success" time="0.029" /><testcase classname="tests.test_identity_api.TestIdentityAPI" name="test_admin_create_user_forbidden" time="0.013" /><testcase classname="tests.test_infra" name="test_cors_headers" time="0.614" /><testcase classname="tests.test_infra" name="test_validation_error_format" time="0.555" /><testcase classname="tests.test_infra" name="test_events_polling" time="0.509" /><testcase classname="tests.test_infra" name="test_sse_heartbeat" time="0.001"><skipped type="pytest.skip" message="Hangs in this environment due to asyncio.wait_for issues">C:\Projects\Riyadh Airport\backend\tests\test_infra.py:56: Hangs in this environment due to asyncio.wait_for issues</skipped></testcase><testcase classname="tests.test_notifications" name="test_escalation_lifecycle" time="0.010" /><testcase classname="tests.test_notifications" name="test_escalation_idempotency" time="0.027" /><testcase classname="tests.test_soc_service" name="test_transition_valid" time="0.018" /><testcase classname="tests.test_soc_service" name="test_transition_invalid" time="0.006" /><testcase classname="tests.test_soc_service" name="test_transition_unknown_state" time="0.013" /><testcase classname="tests.test_soc_service" name="test_transition_current_state_unknown" time="0.007" /><testcase classname="tests.test_soc_service" name="test_transition_none_input" time="0.006" /><testcase classname="tests.test_soc_service" name="test_transition_idempotent" time="0.010" /><testcase classname="tests.test_soc_service" name="test_transition_concurrency_failure" time="0.015" /><testcase classname="tests.test_sse" name="test_stream_ops_endpoint" time="0.009" /><testcase classname="tests.test_ticket_service" name="test_create_ticket_sla_critical" time="0.010" /><testcase classname="tests.test_ticket_service" name="test_strict_transitions" time="0.008" /><testcase classname="tests.test_ticket_service" name="test_unknown_state_error" time="0.004" /><testcase classname="tests.test_ticket_service" name="test_concurrent_modification" time="0.007" /></testsuite></testsuites>